[2024-10-26T07:33:56.199+0000] {local_task_job_runner.py:120} INFO - ::group::Pre task execution logs
[2024-10-26T07:33:56.253+0000] {taskinstance.py:2076} INFO - Dependencies all met for dep_context=non-requeueable deps ti=<TaskInstance: e_commerce_dw_etl.transform_dim_dates scheduled__2024-02-23T00:00:00+00:00 [queued]>
[2024-10-26T07:33:56.268+0000] {taskinstance.py:2076} INFO - Dependencies all met for dep_context=requeueable deps ti=<TaskInstance: e_commerce_dw_etl.transform_dim_dates scheduled__2024-02-23T00:00:00+00:00 [queued]>
[2024-10-26T07:33:56.269+0000] {taskinstance.py:2306} INFO - Starting attempt 2 of 2
[2024-10-26T07:33:56.308+0000] {taskinstance.py:2330} INFO - Executing <Task(PythonOperator): transform_dim_dates> on 2024-02-23 00:00:00+00:00
[2024-10-26T07:33:56.319+0000] {standard_task_runner.py:63} INFO - Started process 358 to run task
[2024-10-26T07:33:56.323+0000] {standard_task_runner.py:90} INFO - Running: ['***', 'tasks', 'run', 'e_commerce_dw_etl', 'transform_dim_dates', 'scheduled__2024-02-23T00:00:00+00:00', '--job-id', '636', '--raw', '--subdir', 'DAGS_FOLDER/e_commerce_dw_dag.py', '--cfg-path', '/tmp/tmp_7l85sgc']
[2024-10-26T07:33:56.327+0000] {standard_task_runner.py:91} INFO - Job 636: Subtask transform_dim_dates
[2024-10-26T07:33:56.401+0000] {task_command.py:426} INFO - Running <TaskInstance: e_commerce_dw_etl.transform_dim_dates scheduled__2024-02-23T00:00:00+00:00 [running]> on host eed3011aebc3
[2024-10-26T07:33:56.538+0000] {taskinstance.py:2648} INFO - Exporting env vars: AIRFLOW_CTX_DAG_OWNER='***' AIRFLOW_CTX_DAG_ID='e_commerce_dw_etl' AIRFLOW_CTX_TASK_ID='transform_dim_dates' AIRFLOW_CTX_EXECUTION_DATE='2024-02-23T00:00:00+00:00' AIRFLOW_CTX_TRY_NUMBER='2' AIRFLOW_CTX_DAG_RUN_ID='scheduled__2024-02-23T00:00:00+00:00'
[2024-10-26T07:33:56.541+0000] {taskinstance.py:430} INFO - ::endgroup::
[2024-10-26T07:33:56.562+0000] {taskinstance.py:441} INFO - ::group::Post task execution logs
[2024-10-26T07:33:56.564+0000] {taskinstance.py:2905} ERROR - Task failed with exception
Traceback (most recent call last):
  File "/home/airflow/.local/lib/python3.10/site-packages/airflow/models/taskinstance.py", line 465, in _execute_task
    result = _execute_callable(context=context, **execute_callable_kwargs)
  File "/home/airflow/.local/lib/python3.10/site-packages/airflow/models/taskinstance.py", line 432, in _execute_callable
    return execute_callable(context=context, **execute_callable_kwargs)
  File "/home/airflow/.local/lib/python3.10/site-packages/airflow/models/baseoperator.py", line 401, in wrapper
    return func(self, *args, **kwargs)
  File "/home/airflow/.local/lib/python3.10/site-packages/airflow/operators/python.py", line 235, in execute
    return_value = self.execute_callable()
  File "/home/airflow/.local/lib/python3.10/site-packages/airflow/operators/python.py", line 252, in execute_callable
    return self.python_callable(*self.op_args, **self.op_kwargs)
  File "/opt/airflow/dags/transform_dim_dates.py", line 5, in transform_dim_dates
    warehouse_operator = PostgresOperator('postgres')
NameError: name 'PostgresOperator' is not defined
[2024-10-26T07:33:56.581+0000] {taskinstance.py:1206} INFO - Marking task as FAILED. dag_id=e_commerce_dw_etl, task_id=transform_dim_dates, run_id=scheduled__2024-02-23T00:00:00+00:00, execution_date=20240223T000000, start_date=20241026T073356, end_date=20241026T073356
[2024-10-26T07:33:56.604+0000] {standard_task_runner.py:110} ERROR - Failed to execute job 636 for task transform_dim_dates (name 'PostgresOperator' is not defined; 358)
[2024-10-26T07:33:56.658+0000] {local_task_job_runner.py:240} INFO - Task exited with return code 1
[2024-10-26T07:33:56.689+0000] {taskinstance.py:3503} INFO - 0 downstream tasks scheduled from follow-on schedule check
[2024-10-26T07:33:56.695+0000] {local_task_job_runner.py:222} INFO - ::endgroup::
